<?xml version="1.0" encoding="UTF-8"?>
<!-- Generated by org.testng.reporters.JUnitXMLReporter -->
<testsuite ignored="0" hostname="Talib" failures="0" tests="5" name="Default test" time="31.156" errors="0" timestamp="2024-12-08T12:31:52 IST">
  <testcase classname="basicAutomation.RemoteExecution" name="remoteDemo" time="7.499"/>
  <testcase classname="basicAutomation.RemoteExecution" name="remoteDemo" time="6.108"/>
  <testcase classname="basicAutomation.RemoteExecution" name="remoteDemo" time="5.8"/>
  <testcase classname="basicAutomation.RemoteExecution" name="remoteDemo" time="5.628"/>
  <testcase classname="basicAutomation.RemoteExecution" name="remoteDemo" time="5.913"/>
</testsuite> <!-- Default test -->
