<?xml version="1.0" encoding="UTF-8"?>
<!-- Generated by org.testng.reporters.JUnitXMLReporter -->
<testsuite ignored="0" hostname="Talib" failures="0" tests="3" name="Test1" time="5.212" errors="0" timestamp="2024-11-23T20:51:20 IST">
  <testcase classname="parallelExecution.ParallelDemo" name="testUrl" time="0.012"/>
  <testcase classname="parallelExecution.ParallelDemo" name="testTitle" time="0.015"/>
  <testcase classname="parallelExecution.ParallelDemo" name="isRealyLoggedIn" time="0.063"/>
</testsuite> <!-- Test1 -->
