<?xml version="1.0" encoding="UTF-8"?>
<!-- Generated by org.testng.reporters.JUnitXMLReporter -->
<testsuite ignored="0" hostname="Talib" failures="0" tests="3" name="TestChrome" time="13.913" errors="0" timestamp="2024-11-23T21:12:00 IST">
  <testcase classname="parallelExecution.ParallelDemo" name="testUrl" time="0.126"/>
  <testcase classname="parallelExecution.ParallelDemo" name="testTitle" time="0.102"/>
  <testcase classname="parallelExecution.ParallelDemo" name="isRealyLoggedIn" time="0.163"/>
</testsuite> <!-- TestChrome -->
