<?xml version="1.0" encoding="UTF-8"?>
<!-- Generated by org.testng.reporters.JUnitXMLReporter -->
<testsuite ignored="0" hostname="Talib" failures="0" tests="3" name="TestFireFox" time="17.007" errors="0" timestamp="2024-11-23T21:12:03 IST">
  <testcase classname="parallelExecution.ParallelDemo" name="testUrl" time="0.007"/>
  <testcase classname="parallelExecution.ParallelDemo" name="testTitle" time="0.013"/>
  <testcase classname="parallelExecution.ParallelDemo" name="isRealyLoggedIn" time="0.054"/>
</testsuite> <!-- TestFireFox -->
