<?xml version="1.0" encoding="UTF-8"?>
<testng-results ignored="0" total="5" passed="5" failed="0" skipped="0">
  <reporter-output>
  </reporter-output>
  <suite started-at="2024-12-08T12:31:21 IST" name="Default suite" finished-at="2024-12-08T12:31:52 IST" duration-ms="31156">
    <groups>
    </groups>
    <test started-at="2024-12-08T12:31:21 IST" name="Default test" finished-at="2024-12-08T12:31:52 IST" duration-ms="31156">
      <class name="basicAutomation.RemoteExecution">
        <test-method signature="remoteDemo()[pri:0, instance:basicAutomation.RemoteExecution@75d3a5e0]" started-at="2024-12-08T12:31:21 IST" name="remoteDemo" finished-at="2024-12-08T12:31:29 IST" duration-ms="7499" status="PASS">
          <reporter-output>
          </reporter-output>
        </test-method> <!-- remoteDemo -->
        <test-method signature="remoteDemo()[pri:0, instance:basicAutomation.RemoteExecution@75d3a5e0]" started-at="2024-12-08T12:31:29 IST" name="remoteDemo" finished-at="2024-12-08T12:31:35 IST" duration-ms="6108" status="PASS">
          <reporter-output>
          </reporter-output>
        </test-method> <!-- remoteDemo -->
        <test-method signature="remoteDemo()[pri:0, instance:basicAutomation.RemoteExecution@75d3a5e0]" started-at="2024-12-08T12:31:35 IST" name="remoteDemo" finished-at="2024-12-08T12:31:41 IST" duration-ms="5800" status="PASS">
          <reporter-output>
          </reporter-output>
        </test-method> <!-- remoteDemo -->
        <test-method signature="remoteDemo()[pri:0, instance:basicAutomation.RemoteExecution@75d3a5e0]" started-at="2024-12-08T12:31:41 IST" name="remoteDemo" finished-at="2024-12-08T12:31:46 IST" duration-ms="5628" status="PASS">
          <reporter-output>
          </reporter-output>
        </test-method> <!-- remoteDemo -->
        <test-method signature="remoteDemo()[pri:0, instance:basicAutomation.RemoteExecution@75d3a5e0]" started-at="2024-12-08T12:31:46 IST" name="remoteDemo" finished-at="2024-12-08T12:31:52 IST" duration-ms="5913" status="PASS">
          <reporter-output>
          </reporter-output>
        </test-method> <!-- remoteDemo -->
      </class> <!-- basicAutomation.RemoteExecution -->
    </test> <!-- Default test -->
  </suite> <!-- Default suite -->
</testng-results>
